<?xml version="1.0" encoding="UTF-8"?>
<!-- Generated by org.testng.reporters.JUnitReportReporter -->
<testsuite hostname="DESKTOP-J1CGGHU" failures="0" tests="1" name="BarCodeTest" time="15.740" errors="0" timestamp="2021-03-07T17:02:20 IST" skipped="0">
  <testcase classname="BarCodeTest" name="barCodeTest" time="15.740"/>
  <system-out/>
</testsuite> <!-- BarCodeTest -->
