<?xml version="1.0" encoding="UTF-8"?>
<!-- Generated by org.testng.reporters.JUnitReportReporter -->
<testsuite hostname="DESKTOP-J1CGGHU" failures="0" tests="1" name="PDFReaderTest" time="10.421" errors="0" timestamp="2021-03-07T17:49:08 IST" skipped="0">
  <testcase classname="PDFReaderTest" name="readPDFTest" time="10.421"/>
  <system-out/>
</testsuite> <!-- PDFReaderTest -->
